  [4;36;1mSQL (5.0ms)[0m   [0;1m SELECT name
 FROM sqlite_master
 WHERE type = 'table' AND NOT name = 'sqlite_sequence'
[0m
  [4;35;1mSQL (0.0ms)[0m   [0mselect sqlite_version(*)[0m
  [4;36;1mSQL (125.0ms)[0m   [0;1mCREATE TABLE "schema_migrations" ("version" varchar(255) NOT NULL) [0m
  [4;35;1mSQL (1.0ms)[0m   [0mPRAGMA index_list("schema_migrations")[0m
  [4;36;1mSQL (76.0ms)[0m   [0;1mCREATE UNIQUE INDEX "unique_schema_migrations" ON "schema_migrations" ("version")[0m
  [4;35;1mSQL (1.0ms)[0m   [0m SELECT name
 FROM sqlite_master
 WHERE type = 'table' AND NOT name = 'sqlite_sequence'
[0m
  [4;36;1mSQL (1.0ms)[0m   [0;1mSELECT version FROM schema_migrations[0m
Migrating to CreateUsers (20111214231625)
  [4;35;1mSQL (3.0ms)[0m   [0mCREATE TABLE "users" ("id" INTEGER PRIMARY KEY AUTOINCREMENT NOT NULL, "name" varchar(255), "email" varchar(255), "created_at" datetime, "updated_at" datetime) [0m
  [4;36;1mSQL (1.0ms)[0m   [0;1mINSERT INTO schema_migrations (version) VALUES ('20111214231625')[0m
  [4;35;1mSQL (1.0ms)[0m   [0m SELECT name
 FROM sqlite_master
 WHERE type = 'table' AND NOT name = 'sqlite_sequence'
[0m
  [4;36;1mSQL (1.0ms)[0m   [0;1mSELECT version FROM schema_migrations[0m
  [4;35;1mSQL (0.0ms)[0m   [0m SELECT name
 FROM sqlite_master
 WHERE type = 'table' AND NOT name = 'sqlite_sequence'
[0m
  [4;36;1mSQL (0.0ms)[0m   [0;1mPRAGMA index_list("users")[0m


Processing UsersController#index (for 127.0.0.1 at 2011-12-14 18:19:22) [GET]
  [4;36;1mUser Load (2.0ms)[0m   [0;1mSELECT * FROM "users" [0m
Rendering template within layouts/users
Rendering users/index
Completed in 1338ms (View: 1313, DB: 2) | 200 OK [http://localhost/users]


Processing UsersController#new (for 127.0.0.1 at 2011-12-14 18:19:45) [GET]
Rendering template within layouts/users
Rendering users/new
Completed in 66ms (View: 46, DB: 0) | 200 OK [http://localhost/users/new]


Processing UsersController#create (for 127.0.0.1 at 2011-12-14 18:20:10) [POST]
  Parameters: {"commit"=>"Create", "authenticity_token"=>"trr8qUtJ70PVKV1bTkScRbW7R8MKrYGFtMY27dByXdI=", "user"=>{"name"=>"chris michels", "email"=>"chris.j.michels@gmail.com"}}
  [4;35;1mUser Create (14.0ms)[0m   [0mINSERT INTO "users" ("name", "created_at", "updated_at", "email") VALUES('chris michels', '2011-12-14 23:20:10', '2011-12-14 23:20:10', 'chris.j.michels@gmail.com')[0m
Redirected to http://localhost:3000/users/1
Completed in 147ms (DB: 14) | 302 Found [http://localhost/users]


Processing UsersController#show (for 127.0.0.1 at 2011-12-14 18:20:10) [GET]
  Parameters: {"id"=>"1"}
  [4;36;1mUser Load (1.0ms)[0m   [0;1mSELECT * FROM "users" WHERE ("users"."id" = 1) [0m
Rendering template within layouts/users
Rendering users/show
Completed in 57ms (View: 33, DB: 1) | 200 OK [http://localhost/users/1]


Processing UsersController#edit (for 127.0.0.1 at 2011-12-14 18:20:20) [GET]
  Parameters: {"id"=>"1"}
  [4;35;1mUser Load (1.0ms)[0m   [0mSELECT * FROM "users" WHERE ("users"."id" = 1) [0m
Rendering template within layouts/users
Rendering users/edit
Completed in 69ms (View: 46, DB: 1) | 200 OK [http://localhost/users/1/edit]


Processing UsersController#update (for 127.0.0.1 at 2011-12-14 18:20:31) [PUT]
  Parameters: {"commit"=>"Update", "authenticity_token"=>"trr8qUtJ70PVKV1bTkScRbW7R8MKrYGFtMY27dByXdI=", "id"=>"1", "user"=>{"name"=>"kuda", "email"=>"chris.j.michels@gmail.com"}}
  [4;36;1mUser Load (0.0ms)[0m   [0;1mSELECT * FROM "users" WHERE ("users"."id" = 1) [0m
  [4;35;1mUser Update (1.0ms)[0m   [0mUPDATE "users" SET "updated_at" = '2011-12-14 23:20:32', "name" = 'kuda' WHERE "id" = 1[0m
Redirected to http://localhost:3000/users/1
Completed in 144ms (DB: 1) | 302 Found [http://localhost/users/1]


Processing UsersController#show (for 127.0.0.1 at 2011-12-14 18:20:32) [GET]
  Parameters: {"id"=>"1"}
  [4;36;1mUser Load (1.0ms)[0m   [0;1mSELECT * FROM "users" WHERE ("users"."id" = 1) [0m
Rendering template within layouts/users
Rendering users/show
Completed in 23ms (View: 8, DB: 1) | 200 OK [http://localhost/users/1]


Processing UsersController#index (for 127.0.0.1 at 2011-12-14 18:20:49) [GET]
  [4;35;1mUser Load (1.0ms)[0m   [0mSELECT * FROM "users" [0m
Rendering template within layouts/users
Rendering users/index
Completed in 23ms (View: 11, DB: 1) | 200 OK [http://localhost/users]


Processing UsersController#new (for 127.0.0.1 at 2011-12-14 18:21:12) [GET]
Rendering template within layouts/users
Rendering users/new
Completed in 26ms (View: 15, DB: 0) | 200 OK [http://localhost/users/new]


Processing UsersController#create (for 127.0.0.1 at 2011-12-14 18:21:22) [POST]
  Parameters: {"commit"=>"Create", "authenticity_token"=>"trr8qUtJ70PVKV1bTkScRbW7R8MKrYGFtMY27dByXdI=", "user"=>{"name"=>"foo ", "email"=>"bar@email.com"}}
  [4;36;1mUser Create (1.0ms)[0m   [0;1mINSERT INTO "users" ("name", "created_at", "updated_at", "email") VALUES('foo ', '2011-12-14 23:21:22', '2011-12-14 23:21:22', 'bar@email.com')[0m
Redirected to http://localhost:3000/users/2
Completed in 201ms (DB: 1) | 302 Found [http://localhost/users]


Processing UsersController#show (for 127.0.0.1 at 2011-12-14 18:21:22) [GET]
  Parameters: {"id"=>"2"}
  [4;35;1mUser Load (0.0ms)[0m   [0mSELECT * FROM "users" WHERE ("users"."id" = 2) [0m
Rendering template within layouts/users
Rendering users/show
Completed in 21ms (View: 8, DB: 0) | 200 OK [http://localhost/users/2]


Processing UsersController#index (for 127.0.0.1 at 2011-12-14 18:21:26) [GET]
  [4;36;1mUser Load (1.0ms)[0m   [0;1mSELECT * FROM "users" [0m
Rendering template within layouts/users
Rendering users/index
Completed in 25ms (View: 14, DB: 1) | 200 OK [http://localhost/users]


Processing UsersController#destroy (for 127.0.0.1 at 2011-12-14 18:21:29) [DELETE]
  Parameters: {"authenticity_token"=>"trr8qUtJ70PVKV1bTkScRbW7R8MKrYGFtMY27dByXdI=", "id"=>"2"}
  [4;35;1mUser Load (1.0ms)[0m   [0mSELECT * FROM "users" WHERE ("users"."id" = 2) [0m
  [4;36;1mUser Destroy (2.0ms)[0m   [0;1mDELETE FROM "users" WHERE "id" = 2[0m
Redirected to http://localhost:3000/users
Completed in 102ms (DB: 3) | 302 Found [http://localhost/users/2]


Processing UsersController#index (for 127.0.0.1 at 2011-12-14 18:21:30) [GET]
  [4;35;1mUser Load (1.0ms)[0m   [0mSELECT * FROM "users" [0m
Rendering template within layouts/users
Rendering users/index
Completed in 22ms (View: 11, DB: 1) | 200 OK [http://localhost/users]
  [4;36;1mSQL (1.0ms)[0m   [0;1m SELECT name
 FROM sqlite_master
 WHERE type = 'table' AND NOT name = 'sqlite_sequence'
[0m
  [4;35;1mSQL (1.0ms)[0m   [0mSELECT version FROM schema_migrations[0m
Migrating to CreateUsers (20111214231625)
Migrating to CreateMicroposts (20111214233059)
  [4;36;1mSQL (1.0ms)[0m   [0;1mselect sqlite_version(*)[0m
  [4;35;1mSQL (3.0ms)[0m   [0mCREATE TABLE "microposts" ("id" INTEGER PRIMARY KEY AUTOINCREMENT NOT NULL, "content" varchar(255), "user_id" integer, "created_at" datetime, "updated_at" datetime) [0m
  [4;36;1mSQL (1.0ms)[0m   [0;1mINSERT INTO schema_migrations (version) VALUES ('20111214233059')[0m
  [4;35;1mSQL (1.0ms)[0m   [0m SELECT name
 FROM sqlite_master
 WHERE type = 'table' AND NOT name = 'sqlite_sequence'
[0m
  [4;36;1mSQL (0.0ms)[0m   [0;1mSELECT version FROM schema_migrations[0m
  [4;35;1mSQL (2.0ms)[0m   [0m SELECT name
 FROM sqlite_master
 WHERE type = 'table' AND NOT name = 'sqlite_sequence'
[0m
  [4;36;1mSQL (0.0ms)[0m   [0;1mPRAGMA index_list("microposts")[0m
  [4;35;1mSQL (0.0ms)[0m   [0mPRAGMA index_list("users")[0m


Processing ApplicationController#index (for 127.0.0.1 at 2011-12-14 18:32:45) [GET]

ActionController::RoutingError (No route matches "/micropsosts" with {:method=>:get}):
  c:/Ruby187/lib/ruby/1.8/webrick/httpserver.rb:104:in `service'
  c:/Ruby187/lib/ruby/1.8/webrick/httpserver.rb:65:in `run'
  c:/Ruby187/lib/ruby/1.8/webrick/server.rb:173:in `start_thread'
  c:/Ruby187/lib/ruby/1.8/webrick/server.rb:162:in `start'
  c:/Ruby187/lib/ruby/1.8/webrick/server.rb:162:in `start_thread'
  c:/Ruby187/lib/ruby/1.8/webrick/server.rb:95:in `start'
  c:/Ruby187/lib/ruby/1.8/webrick/server.rb:92:in `each'
  c:/Ruby187/lib/ruby/1.8/webrick/server.rb:92:in `start'
  c:/Ruby187/lib/ruby/1.8/webrick/server.rb:23:in `start'
  c:/Ruby187/lib/ruby/1.8/webrick/server.rb:82:in `start'

Rendering rescues/layout (not_found)


Processing MicropostsController#index (for 127.0.0.1 at 2011-12-14 18:32:54) [GET]
  [4;36;1mMicropost Load (2.0ms)[0m   [0;1mSELECT * FROM "microposts" [0m
Rendering template within layouts/microposts
Rendering microposts/index
Completed in 81ms (View: 56, DB: 2) | 200 OK [http://localhost/microposts]


Processing MicropostsController#new (for 127.0.0.1 at 2011-12-14 18:32:58) [GET]
Rendering template within layouts/microposts
Rendering microposts/new
Completed in 71ms (View: 50, DB: 0) | 200 OK [http://localhost/microposts/new]


Processing MicropostsController#create (for 127.0.0.1 at 2011-12-14 18:33:07) [POST]
  Parameters: {"commit"=>"Create", "micropost"=>{"user_id"=>"chris", "content"=>"This is a post"}, "authenticity_token"=>"trr8qUtJ70PVKV1bTkScRbW7R8MKrYGFtMY27dByXdI="}
  [4;35;1mMicropost Create (3.0ms)[0m   [0mINSERT INTO "microposts" ("created_at", "updated_at", "user_id", "content") VALUES('2011-12-14 23:33:07', '2011-12-14 23:33:07', 0, 'This is a post')[0m
Redirected to http://localhost:3000/microposts/1
Completed in 162ms (DB: 3) | 302 Found [http://localhost/microposts]


Processing MicropostsController#show (for 127.0.0.1 at 2011-12-14 18:33:07) [GET]
  Parameters: {"id"=>"1"}
  [4;36;1mMicropost Load (4.0ms)[0m   [0;1mSELECT * FROM "microposts" WHERE ("microposts"."id" = 1) [0m
Rendering template within layouts/microposts
Rendering microposts/show
Completed in 52ms (View: 26, DB: 4) | 200 OK [http://localhost/microposts/1]


Processing MicropostsController#edit (for 127.0.0.1 at 2011-12-14 18:33:14) [GET]
  Parameters: {"id"=>"1"}
  [4;35;1mMicropost Load (1.0ms)[0m   [0mSELECT * FROM "microposts" WHERE ("microposts"."id" = 1) [0m
Rendering template within layouts/microposts
Rendering microposts/edit
Completed in 80ms (View: 57, DB: 1) | 200 OK [http://localhost/microposts/1/edit]


Processing MicropostsController#update (for 127.0.0.1 at 2011-12-14 18:33:17) [PUT]
  Parameters: {"commit"=>"Update", "micropost"=>{"user_id"=>"1", "content"=>"This is a post"}, "authenticity_token"=>"trr8qUtJ70PVKV1bTkScRbW7R8MKrYGFtMY27dByXdI=", "id"=>"1"}
  [4;36;1mMicropost Load (1.0ms)[0m   [0;1mSELECT * FROM "microposts" WHERE ("microposts"."id" = 1) [0m
  [4;35;1mMicropost Update (2.0ms)[0m   [0mUPDATE "microposts" SET "updated_at" = '2011-12-14 23:33:17', "user_id" = 1 WHERE "id" = 1[0m
Redirected to http://localhost:3000/microposts/1
Completed in 222ms (DB: 3) | 302 Found [http://localhost/microposts/1]


Processing MicropostsController#show (for 127.0.0.1 at 2011-12-14 18:33:17) [GET]
  Parameters: {"id"=>"1"}
  [4;36;1mMicropost Load (1.0ms)[0m   [0;1mSELECT * FROM "microposts" WHERE ("microposts"."id" = 1) [0m
Rendering template within layouts/microposts
Rendering microposts/show
Completed in 36ms (View: 11, DB: 1) | 200 OK [http://localhost/microposts/1]


Processing MicropostsController#index (for 127.0.0.1 at 2011-12-14 18:33:20) [GET]
  [4;35;1mMicropost Load (2.0ms)[0m   [0mSELECT * FROM "microposts" [0m
Rendering template within layouts/microposts
Rendering microposts/index
Completed in 44ms (View: 19, DB: 2) | 200 OK [http://localhost/microposts]


Processing MicropostsController#edit (for 127.0.0.1 at 2011-12-14 18:33:22) [GET]
  Parameters: {"id"=>"1"}
  [4;36;1mMicropost Load (3.0ms)[0m   [0;1mSELECT * FROM "microposts" WHERE ("microposts"."id" = 1) [0m
Rendering template within layouts/microposts
Rendering microposts/edit
Completed in 219ms (View: 33, DB: 3) | 200 OK [http://localhost/microposts/1/edit]


Processing MicropostsController#update (for 127.0.0.1 at 2011-12-14 18:33:29) [PUT]
  Parameters: {"commit"=>"Update", "micropost"=>{"user_id"=>"1", "content"=>"This is a post"}, "authenticity_token"=>"trr8qUtJ70PVKV1bTkScRbW7R8MKrYGFtMY27dByXdI=", "id"=>"1"}
  [4;35;1mMicropost Load (1.0ms)[0m   [0mSELECT * FROM "microposts" WHERE ("microposts"."id" = 1) [0m
Redirected to http://localhost:3000/microposts/1
Completed in 35ms (DB: 1) | 302 Found [http://localhost/microposts/1]


Processing MicropostsController#show (for 127.0.0.1 at 2011-12-14 18:33:29) [GET]
  Parameters: {"id"=>"1"}
  [4;36;1mMicropost Load (1.0ms)[0m   [0;1mSELECT * FROM "microposts" WHERE ("microposts"."id" = 1) [0m
Rendering template within layouts/microposts
Rendering microposts/show
Completed in 38ms (View: 14, DB: 1) | 200 OK [http://localhost/microposts/1]


Processing MicropostsController#index (for 127.0.0.1 at 2011-12-14 18:35:23) [GET]
  [4;35;1mMicropost Load (1.0ms)[0m   [0mSELECT * FROM "microposts" [0m
Rendering template within layouts/microposts
Rendering microposts/index
Completed in 23ms (View: 10, DB: 1) | 200 OK [http://localhost/microposts]


Processing MicropostsController#new (for 127.0.0.1 at 2011-12-14 18:35:24) [GET]
Rendering template within layouts/microposts
Rendering microposts/new
Completed in 29ms (View: 17, DB: 0) | 200 OK [http://localhost/microposts/new]


Processing MicropostsController#create (for 127.0.0.1 at 2011-12-14 18:36:06) [POST]
  Parameters: {"commit"=>"Create", "micropost"=>{"user_id"=>"1", "content"=>"This post contains more than 144 characters. i think it is a little weird but i'll give it a shot. merry christmas from the bottom of my heart.  lal alalalalalalallallaal"}, "authenticity_token"=>"trr8qUtJ70PVKV1bTkScRbW7R8MKrYGFtMY27dByXdI="}
Rendering template within layouts/microposts
Rendering microposts/new
Completed in 35ms (View: 21, DB: 0) | 200 OK [http://localhost/microposts]
  [4;36;1mUser Load (2.0ms)[0m   [0;1mSELECT * FROM "users" LIMIT 1[0m
  [4;35;1mMicropost Load (1.0ms)[0m   [0mSELECT * FROM "microposts" WHERE ("microposts".user_id = 1) [0m
